1PP 5724-L44 IBM COBOL for Windows                   8.0.0 S1612          Date 01/23/2020  Time 04:55:33   Page     1             
0Invocation parameters:
  NOCOMPILE,adata,exit(adexit(fttfdbkw))
0Options in effect:
    ADATA                                                                                                                            
    QUOTE                                                                                                                            
    ARITH(COMPAT)                                                                                                                    
    BINARY(NATIVE)                                                                                                                   
    CALLINT(SYSTEM,NODESCRIPTOR)                                                                                                     
    CHAR(NATIVE)                                                                                                                     
  NOCICS                                                                                                                             
    COLLSEQ(BINARY)                                                                                                                  
  NOCOMPILE                                                                                                                          
  NOCOPYRIGHT                                                                                                                        
  NOCURRENCY                                                                                                                         
  NODIAGTRUNC                                                                                                                        
    DIVIDE(NATIVE)                                                                                                                   
  NODYNAM                                                                                                                            
    ENTRYINT(SYSTEM)                                                                                                                 
    EXIT(NOINEXIT,NOPRTEXIT,NOLIBEXIT,ADEXIT(FTTFDBKW),NOMSGEXIT)                                                                    
    FLAG(I,I)                                                                                                                        
  NOFLAGSTD                                                                                                                          
    FLOAT(NATIVE)                                                                                                                    
    LINECOUNT(60)                                                                                                                    
  NOLIST                                                                                                                             
    LSTFILE(LOCALE)                                                                                                                  
  NOMAP                                                                                                                              
  NOMDECK                                                                                                                            
    NCOLLSEQ(BINARY)                                                                                                                 
    NSYMBOL(NATIONAL)                                                                                                                
  NONUMBER                                                                                                                           
    OPTIMIZE(0)                                                                                                                      
    PGMNAME(LONGUPPER)                                                                                                               
    PROBE                                                                                                                            
    QUALIFY(COMPAT)                                                                                                                  
  NORULES                                                                                                                            
  NOSERVICE                                                                                                                          
    SEPOBJ                                                                                                                           
    SEQUENCE                                                                                                                         
  NOSOSI                                                                                                                             
    SOURCE                                                                                                                           
    SPACE(1)                                                                                                                         
  NOSQL                                                                                                                              
    SRCFORMAT(COMPAT)                                                                                                                
  NOSSRANGE                                                                                                                          
  NOSUPPRESS                                                                                                                         
    TERM                                                                                                                             
  NOTEST                                                                                                                             
  NOTHREAD                                                                                                                           
    TRUNC(STD)                                                                                                                       
  NOVBREF                                                                                                                            
  NOWSCLEAR                                                                                                                          
    XREF(FULL)                                                                                                                       
    ZWB                                                                                                                              
1PP 5724-L44 IBM COBOL for Windows                   8.0.0 S1612          Date 01/23/2020  Time 04:55:33   Page     2             
0LineID  Message code  Library phase message text
                                                                                                                                     
     44  IGYLI0049-S   The "COPY" library ".\HCERRSWS" was not found.  Skipped to the period terminating the "COPY" statement.       
                                                                                                                                     
     62  IGYLI0049-S   The "COPY" library ".\HCCMAREA" was not found.  Skipped to the period terminating the "COPY" statement.       
                                                                                                                                     
    135  IGYLI0049-S   The "COPY" library ".\HCERRSPD" was not found.  Skipped to the period terminating the "COPY" statement.       
-Messages    Total    Informational    Warning    Error    Severe    Terminating
0Printed:       3                                              3            
1PP 5724-L44 IBM COBOL for Windows                   8.0.0 S1612HCT1BA01  Date 01/23/2020  Time 04:55:33   Page     3             
   LineID  PL SL  ----+-*A-1-B--+----2----+----3----+----4----+----5----+----6----+----7-|--+----8 Map and Cross Reference           
0  000001               ******************************************************************        |                                  
   000002               *                                                                *        |                                  
   000003               * LICENSED MATERIALS - PROPERTY OF IBM                           *        |                                  
   000004               *                                                                *        |                                  
   000005               * "RESTRICTED MATERIALS OF IBM"                                  *        |                                  
   000006               *                                                                *        |                                  
   000007               * (C) COPYRIGHT IBM CORP. 2011, 2013 ALL RIGHTS RESERVED         *        |                                  
   000008               *                                                                *        |                                  
   000009               * US GOVERNMENT USERS RESTRICTED RIGHTS - USE, DUPLICATION,      *        |                                  
   000010               * OR DISCLOSURE RESTRICTED BY GSA ADP SCHEDULE                   *        |                                  
   000011               * CONTRACT WITH IBM CORPORATION                                  *        |                                  
   000012               *                                                                *        |                                  
   000013               *                                                                *        |                                  
   000014               *                    ADD Threshold                               *        |                                  
   000015               *                                                                *        |                                  
   000016               *   Business logic for adding a new patient threshold            *        |                                  
   000017               *                                                                *        |                                  
   000018               *                                                                *        |                                  
   000019               ******************************************************************        |                                  
   000020                IDENTIFICATION DIVISION.                                                 |                                  
   000021                PROGRAM-ID. HCT1BA01.                                                    |                                  
   000022                ENVIRONMENT DIVISION.                                                    |                                  
   000023                CONFIGURATION SECTION.                                                   |                                  
   000024               *                                                                         |                                  
   000025                DATA DIVISION.                                                           |                                  
   000026                                                                                         |                                  
   000027                WORKING-STORAGE SECTION.                                                 |                                  
   000028                                                                                         |                                  
   000029               *----------------------------------------------------------------*        |                                  
   000030               * Common defintions                                              *        |                                  
   000031               *----------------------------------------------------------------*        |                                  
   000032               * Run time (debug) infomation for this invocation                         |                                  
   000033                 01  WS-HEADER.                                                          |                                  
   000034                    03 WS-EYECATCHER            PIC X(16)                                |                                  
   000035                                                 VALUE 'HCT1BA01------WS'.               |                                  
   000036                    03 WS-TRANSID               PIC X(4).                                |                                  
   000037                    03 WS-TERMID                PIC X(4).                                |                                  
   000038                    03 WS-TASKNUM               PIC 9(7).                                |                                  
   000039                    03 WS-FILLER                PIC X.                                   |                                  
   000040                    03 WS-ADDR-DFHCOMMAREA      USAGE is POINTER.                        |                                  
   000041                    03 WS-CALEN                 PIC S9(4) COMP.                          |                                  
   000042                                                                                         |                                  
   000043               *----------------------------------------------------------------*        |                                  
   000044                COPY HCERRSWS.                                                           |                                  
   000045               *----------------------------------------------------------------*        |                                  
   000046               * Definitions required for data manipulation                     *        |                                  
   000047               *----------------------------------------------------------------*        |                                  
   000048               * Fields to be used to check that commarea is correct length              |                                  
   000049                01  WS-COMMAREA-LENGTHS.                                                 |                                  
   000050                    03 WS-CA-HEADER-LEN         PIC S9(4) COMP VALUE +18.                |                                  
   000051                    03 WS-REQUIRED-CA-LEN       PIC S9(4)      VALUE +0.                 |                                  
   000052                77  HCATDB01                    PIC X(8)       VALUE 'HCATDB01'.         |                                  
   000053                                                                                         |                                  
   000054               *----------------------------------------------------------------*        |                                  
   000055                                                                                         |                                  
   000056               ******************************************************************        |                                  
   000057               *    L I N K A G E     S E C T I O N                                      |                                  
1PP 5724-L44 IBM COBOL for Windows                   8.0.0 S1612HCT1BA01  Date 01/23/2020  Time 04:55:33   Page     4             
   LineID  PL SL  ----+-*A-1-B--+----2----+----3----+----4----+----5----+----6----+----7-|--+----8 Map and Cross Reference           
0  000058               ******************************************************************        |                                  
   000059                LINKAGE SECTION.                                                         |                                  
   000060                                                                                         |                                  
   000061                01  DFHCOMMAREA.                                                         |                                  
                                                                                                  |                                  
 ==000061==> IGYDS1159-E A "PICTURE" clause was not found for elementary item "DFHCOMMAREA".      |                                  
                         "PICTURE X(1)" was assumed.                                              |                                  
                                                                                                  |                                  
 ==000061==> IGYSC2025-W "DFHCOMMAREA" or one of its subordinates was referenced, but             |                                  
                         "DFHCOMMAREA" was a "LINKAGE SECTION" item that did not have             |                                  
                         addressability.  This reference will not be resolved successfully at     |                                  
                         execution.                                                               |                                  
                                                                                                  |                                  
   000062                      COPY HCCMAREA.                                                     |                                  
   000063                                                                                         |                                  
   000064               ******************************************************************        |                                  
   000065               *    P R O C E D U R E S                                                  |                                  
   000066               ******************************************************************        |                                  
   000067                PROCEDURE DIVISION.                                                      |                                  
   000068                                                                                         |                                  
   000069               *----------------------------------------------------------------*        |                                  
   000070                MAINLINE SECTION.                                                        |                                  
   000071                                                                                         |                                  
   000072               *----------------------------------------------------------------*        |                                  
   000073               * Common code                                                    *        |                                  
   000074               *----------------------------------------------------------------*        |                                  
   000075               * initialize working storage variables                                    |                                  
   000076                    INITIALIZE WS-HEADER.                                                |33                                
   000077               * set up general variable                                                 |                                  
   000078                    MOVE EIBTRNID TO WS-TRANSID.                                         |UND 36                            
                                                                                                  |                                  
 ==000078==> IGYPS2121-S "EIBTRNID" was not defined as a data-name.  The statement was discarded. |                                  
                                                                                                  |                                  
   000079                    MOVE EIBTRMID TO WS-TERMID.                                          |UND 37                            
                                                                                                  |                                  
 ==000079==> IGYPS2121-S "EIBTRMID" was not defined as a data-name.  The statement was discarded. |                                  
                                                                                                  |                                  
   000080                    MOVE EIBTASKN TO WS-TASKNUM.                                         |UND 38                            
                                                                                                  |                                  
 ==000080==> IGYPS2121-S "EIBTASKN" was not defined as a data-name.  The statement was discarded. |                                  
                                                                                                  |                                  
   000081               *----------------------------------------------------------------*        |                                  
   000082                                                                                         |                                  
   000083               *----------------------------------------------------------------*        |                                  
   000084               * Process incoming commarea                                      *        |                                  
   000085               *----------------------------------------------------------------*        |                                  
   000086               * If NO commarea received issue an ABEND                                  |                                  
   000087                    IF EIBCALEN IS EQUAL TO ZERO                                         |UND IMP                           
                                                                                                  |                                  
 ==000087==> IGYPS2121-S "EIBCALEN" was not defined as a data-name.  The statement was discarded. |                                  
                                                                                                  |                                  
   000088      1                 MOVE ' NO COMMAREA RECEIVED' TO EM-VARIABLE                      |UND                               
                                                                                                  |                                  
 ==000088==> IGYPS2121-S "EM-VARIABLE" was not defined as a data-name.  The statement was         |                                  
                         discarded.                                                               |                                  
                                                                                                  |                                  
   000089      1                 PERFORM WRITE-ERROR-MESSAGE                                      |UND                               
1PP 5724-L44 IBM COBOL for Windows                   8.0.0 S1612HCT1BA01  Date 01/23/2020  Time 04:55:33   Page     5             
   LineID  PL SL  ----+-*A-1-B--+----2----+----3----+----4----+----5----+----6----+----7-|--+----8 Map and Cross Reference           
0                                                                                                 |                                  
 ==000089==> IGYPA3007-S "WRITE-ERROR-MESSAGE" was not defined as a procedure-name.  The statement|                                  
                         was discarded.                                                           |                                  
                                                                                                  |                                  
   000090      1                 EXEC CICS ABEND ABCODE('HCCA') NODUMP END-EXEC                   |                                  
                                                                                                  |                                  
 ==000090==> IGYPS0228-S An "EXEC CICS" statement was found, but the "CICS" compiler option was   |                                  
                         not in effect.  The statement was discarded.                             |                                  
                                                                                                  |                                  
   000091                    END-IF                                                               |                                  
   000092                                                                                         |                                  
   000093               * initialize commarea return code to zero                                 |                                  
   000094                    MOVE '00' TO CA-RETURN-CODE                                          |UND                               
                                                                                                  |                                  
 ==000094==> IGYPS2121-S "CA-RETURN-CODE" was not defined as a data-name.  The statement was      |                                  
                         discarded.                                                               |                                  
                                                                                                  |                                  
   000095                    MOVE EIBCALEN TO WS-CALEN.                                           |UND 41                            
                                                                                                  |                                  
 ==000095==> IGYPS2121-S "EIBCALEN" was not defined as a data-name.  The statement was discarded. |                                  
                                                                                                  |                                  
   000096                    SET WS-ADDR-DFHCOMMAREA TO ADDRESS OF DFHCOMMAREA.                   |40 IMP 61                         
   000097                                                                                         |                                  
   000098               * check commarea length                                                   |                                  
   000099                    ADD WS-CA-HEADER-LEN TO WS-REQUIRED-CA-LEN                           |50 51                             
   000100               *    ADD WS-CUSTOMER-LEN  TO WS-REQUIRED-CA-LEN                           |                                  
   000101                                                                                         |                                  
   000102               * if less set error return code and return to caller                      |                                  
   000103                    IF EIBCALEN IS LESS THAN WS-REQUIRED-CA-LEN                          |UND 51                            
                                                                                                  |                                  
 ==000103==> IGYPS2121-S "EIBCALEN" was not defined as a data-name.  The statement was discarded. |                                  
                                                                                                  |                                  
   000104      1               MOVE '98' TO CA-RETURN-CODE                                        |UND                               
                                                                                                  |                                  
 ==000104==> IGYPS2121-S "CA-RETURN-CODE" was not defined as a data-name.  The statement was      |                                  
                         discarded.                                                               |                                  
                                                                                                  |                                  
   000105      1               EXEC CICS RETURN END-EXEC                                          |                                  
                                                                                                  |                                  
 ==000105==> IGYPS0228-S An "EXEC CICS" statement was found, but the "CICS" compiler option was   |                                  
                         not in effect.  The statement was discarded.                             |                                  
                                                                                                  |                                  
   000106                    END-IF                                                               |                                  
   000107                                                                                         |                                  
   000108               *----------------------------------------------------------------*        |                                  
   000109               * Call routine to Insert row in DB2 Patient table               *         |                                  
   000110                    PERFORM INSERT-PATIENT-THRESHOLD.                                    |126                               
   000111                    If CA-RETURN-CODE > 0                                                |UND                               
                                                                                                  |                                  
 ==000111==> IGYPS2121-S "CA-RETURN-CODE" was not defined as a data-name.  The statement was      |                                  
                         discarded.                                                               |                                  
                                                                                                  |                                  
   000112      1               EXEC CICS RETURN END-EXEC                                          |                                  
                                                                                                  |                                  
 ==000112==> IGYPS0228-S An "EXEC CICS" statement was found, but the "CICS" compiler option was   |                                  
                         not in effect.  The statement was discarded.                             |                                  
                                                                                                  |                                  
1PP 5724-L44 IBM COBOL for Windows                   8.0.0 S1612HCT1BA01  Date 01/23/2020  Time 04:55:33   Page     6             
   LineID  PL SL  ----+-*A-1-B--+----2----+----3----+----4----+----5----+----6----+----7-|--+----8 Map and Cross Reference           
0  000113                    End-if.                                                              |                                  
   000114                                                                                         |                                  
   000115               *----------------------------------------------------------------*        |                                  
   000116               *                                                                         |                                  
   000117                    EXEC CICS RETURN END-EXEC.                                           |                                  
                                                                                                  |                                  
 ==000117==> IGYPS0228-S An "EXEC CICS" statement was found, but the "CICS" compiler option was   |                                  
                         not in effect.  The statement was discarded.                             |                                  
                                                                                                  |                                  
   000118                                                                                         |                                  
   000119                MAINLINE-EXIT.                                                           |                                  
   000120                    EXIT.                                                                |                                  
   000121               *----------------------------------------------------------------*        |                                  
   000122                                                                                         |                                  
   000123               *----------------------------------------------------------------*        |                                  
   000124               * DB2                                                            *        |                                  
   000125               *----------------------------------------------------------------*        |                                  
   000126                INSERT-PATIENT-THRESHOLD.                                                |                                  
   000127                                                                                         |                                  
   000128                    EXEC CICS LINK Program(HCATDB01)                                     |                                  
                                                                                                  |                                  
 ==000128==> IGYPS0228-S An "EXEC CICS" statement was found, but the "CICS" compiler option was   |                                  
                         not in effect.  The statement was discarded.                             |                                  
                                                                                                  |                                  
   000129                         Commarea(DFHCOMMAREA)                                           |                                  
   000130                         LENGTH(32500)                                                   |                                  
   000131                    END-EXEC.                                                            |                                  
   000132                    EXIT.                                                                |                                  
   000133                                                                                         |                                  
   000134               *----------------------------------------------------------------*        |                                  
   000135                COPY HCERRSPD.                                                           |                                  
1PP 5724-L44 IBM COBOL for Windows                   8.0.0 S1612HCT1BA01  Date 01/23/2020  Time 04:55:33   Page     7             
0An "M" preceding a data-name reference indicates that the data-name is modified by this reference.
  
  Defined   Cross-reference of data names   References                                                                               
  
       61   DFHCOMMAREA. . . . . . . . . .  96                                                                                                                                                   
       52   HCATDB01                                                                                                                                                                             
       40   WS-ADDR-DFHCOMMAREA. . . . . .  M96                                                                                                                                                  
       50   WS-CA-HEADER-LEN . . . . . . .  99                                                                                                                                                   
       41   WS-CALEN . . . . . . . . . . .  M95                                                                                                                                                  
       49   WS-COMMAREA-LENGTHS                                                                                                                                                                  
       34   WS-EYECATCHER                                                                                                                                                                        
       39   WS-FILLER                                                                                                                                                                            
       33   WS-HEADER. . . . . . . . . . .  M76                                                                                                                                                  
       51   WS-REQUIRED-CA-LEN . . . . . .  M99 103                                                                                                                                              
       38   WS-TASKNUM . . . . . . . . . .  M80                                                                                                                                                  
       37   WS-TERMID. . . . . . . . . . .  M79                                                                                                                                                  
       36   WS-TRANSID . . . . . . . . . .  M78                                                                                                                                                  
1PP 5724-L44 IBM COBOL for Windows                   8.0.0 S1612HCT1BA01  Date 01/23/2020  Time 04:55:33   Page     8             
0Context usage is indicated by the letter preceding a procedure-name reference.
 These letters and their meanings are:
     A = ALTER (procedure-name)
     D = GO TO (procedure-name) DEPENDING ON
     E = End of range of (PERFORM) through (procedure-name)
     G = GO TO (procedure-name)
     P = PERFORM (procedure-name)
     T = (ALTER) TO PROCEED TO (procedure-name)
     U = USE FOR DEBUGGING (procedure-name)
  
  Defined   Cross-reference of procedures   References                                                                               
  
      126   INSERT-PATIENT-THRESHOLD . . .  P110                                                                                                                                                 
       70   MAINLINE                                                                                                                                                                             
      119   MAINLINE-EXIT                                                                                                                                                                        
1PP 5724-L44 IBM COBOL for Windows                   8.0.0 S1612HCT1BA01  Date 01/23/2020  Time 04:55:33   Page     9             
0 Defined   Cross-reference of programs     References                                                                               
  
       21   HCT1BA01                                                                                                                                                                             
1PP 5724-L44 IBM COBOL for Windows                   8.0.0 S1612HCT1BA01  Date 01/23/2020  Time 04:55:33   Page    10             
0LineID  Message code  Message text
                                                                                                                                     
         IGYSC0207-S   Severe message(s) were issued during library phase processing.  Refer to the beginning of the listing.        
                                                                                                                                     
     61  IGYDS1159-E   A "PICTURE" clause was not found for elementary item "DFHCOMMAREA".  "PICTURE X(1)" was assumed.              
                                                                                                                                     
     61  IGYSC2025-W   "DFHCOMMAREA" or one of its subordinates was referenced, but "DFHCOMMAREA" was a "LINKAGE SECTION" item that  
                       did not have addressability.  This reference will not be resolved successfully at execution.                  
                                                                                                                                     
     78  IGYPS2121-S   "EIBTRNID" was not defined as a data-name.  The statement was discarded.                                      
                                                                                                                                     
     79  IGYPS2121-S   "EIBTRMID" was not defined as a data-name.  The statement was discarded.                                      
                                                                                                                                     
     80  IGYPS2121-S   "EIBTASKN" was not defined as a data-name.  The statement was discarded.                                      
                                                                                                                                     
     87  IGYPS2121-S   "EIBCALEN" was not defined as a data-name.  The statement was discarded.                                      
                                                                                                                                     
                       Same message on line:     95    103                                                                           
                                                                                                                                     
     88  IGYPS2121-S   "EM-VARIABLE" was not defined as a data-name.  The statement was discarded.                                   
                                                                                                                                     
     89  IGYPA3007-S   "WRITE-ERROR-MESSAGE" was not defined as a procedure-name.  The statement was discarded.                      
                                                                                                                                     
     90  IGYPS0228-S   An "EXEC CICS" statement was found, but the "CICS" compiler option was not in effect.  The statement was      
                       discarded.                                                                                                    
                                                                                                                                     
                       Same message on line:    105    112    117    128                                                             
                                                                                                                                     
     94  IGYPS2121-S   "CA-RETURN-CODE" was not defined as a data-name.  The statement was discarded.                                
                                                                                                                                     
                       Same message on line:    104    111                                                                           
-Messages    Total    Informational    Warning    Error    Severe    Terminating
0Printed:      19                          1         1        17            
-* Statistics for COBOL program HCT1BA01:
 *    Source records = 135
 *    Data Division statements = 13
 *    Procedure Division statements = 22
0Locale = en_US.IBM-437
0End of compilation 1,  program HCT1BA01,  highest severity: Severe.
0Return code 12
