1PP 5724-L44 IBM COBOL for Windows                   8.0.0 S1612          Date 01/23/2020  Time 04:55:36   Page     1             
0Invocation parameters:
  NOCOMPILE,adata,exit(adexit(fttfdbkw))
0Options in effect:
    ADATA                                                                                                                            
    QUOTE                                                                                                                            
    ARITH(COMPAT)                                                                                                                    
    BINARY(NATIVE)                                                                                                                   
    CALLINT(SYSTEM,NODESCRIPTOR)                                                                                                     
    CHAR(NATIVE)                                                                                                                     
  NOCICS                                                                                                                             
    COLLSEQ(BINARY)                                                                                                                  
  NOCOMPILE                                                                                                                          
  NOCOPYRIGHT                                                                                                                        
  NOCURRENCY                                                                                                                         
  NODIAGTRUNC                                                                                                                        
    DIVIDE(NATIVE)                                                                                                                   
  NODYNAM                                                                                                                            
    ENTRYINT(SYSTEM)                                                                                                                 
    EXIT(NOINEXIT,NOPRTEXIT,NOLIBEXIT,ADEXIT(FTTFDBKW),NOMSGEXIT)                                                                    
    FLAG(I,I)                                                                                                                        
  NOFLAGSTD                                                                                                                          
    FLOAT(NATIVE)                                                                                                                    
    LINECOUNT(60)                                                                                                                    
  NOLIST                                                                                                                             
    LSTFILE(LOCALE)                                                                                                                  
  NOMAP                                                                                                                              
  NOMDECK                                                                                                                            
    NCOLLSEQ(BINARY)                                                                                                                 
    NSYMBOL(NATIONAL)                                                                                                                
  NONUMBER                                                                                                                           
    OPTIMIZE(0)                                                                                                                      
    PGMNAME(LONGUPPER)                                                                                                               
    PROBE                                                                                                                            
    QUALIFY(COMPAT)                                                                                                                  
  NORULES                                                                                                                            
  NOSERVICE                                                                                                                          
    SEPOBJ                                                                                                                           
    SEQUENCE                                                                                                                         
  NOSOSI                                                                                                                             
    SOURCE                                                                                                                           
    SPACE(1)                                                                                                                         
  NOSQL                                                                                                                              
    SRCFORMAT(COMPAT)                                                                                                                
  NOSSRANGE                                                                                                                          
  NOSUPPRESS                                                                                                                         
    TERM                                                                                                                             
  NOTEST                                                                                                                             
  NOTHREAD                                                                                                                           
    TRUNC(STD)                                                                                                                       
  NOVBREF                                                                                                                            
  NOWSCLEAR                                                                                                                          
    XREF(FULL)                                                                                                                       
    ZWB                                                                                                                              
1PP 5724-L44 IBM COBOL for Windows                   8.0.0 S1612          Date 01/23/2020  Time 04:55:36   Page     2             
0LineID  Message code  Library phase message text
                                                                                                                                     
     54  IGYLI0049-S   The "COPY" library ".\HCERRSWS" was not found.  Skipped to the period terminating the "COPY" statement.       
                                                                                                                                     
     62  IGYLI0049-S   The "COPY" library ".\HCCMAREA" was not found.  Skipped to the period terminating the "COPY" statement.       
                                                                                                                                     
    125  IGYLI0049-S   The "COPY" library ".\HCERRSPD" was not found.  Skipped to the period terminating the "COPY" statement.       
-Messages    Total    Informational    Warning    Error    Severe    Terminating
0Printed:       3                                              3            
1PP 5724-L44 IBM COBOL for Windows                   8.0.0 S1612HCV1BI01  Date 01/23/2020  Time 04:55:36   Page     3             
   LineID  PL SL  ----+-*A-1-B--+----2----+----3----+----4----+----5----+----6----+----7-|--+----8 Map and Cross Reference           
0  000001               ******************************************************************        |                                  
   000002               *                                                                *        |                                  
   000003               * LICENSED MATERIALS - PROPERTY OF IBM                           *        |                                  
   000004               *                                                                *        |                                  
   000005               * "RESTRICTED MATERIALS OF IBM"                                  *        |                                  
   000006               *                                                                *        |                                  
   000007               * (C) COPYRIGHT IBM CORP. 2014 ALL RIGHTS RESERVED               *        |                                  
   000008               *                                                                *        |                                  
   000009               * US GOVERNMENT USERS RESTRICTED RIGHTS - USE, DUPLICATION,      *        |                                  
   000010               * OR DISCLOSURE RESTRICTED BY GSA ADP SCHEDULE                   *        |                                  
   000011               * CONTRACT WITH IBM CORPORATION                                  *        |                                  
   000012               *                                                                *        |                                  
   000013               *                                                                *        |                                  
   000014               *                    Inquire Visit                               *        |                                  
   000015               *                                                                *        |                                  
   000016               *   To obtain Patient Visit details from database.               *        |                                  
   000017               *                                                                *        |                                  
   000018               * Visit Inquire Business logic                                   *        |                                  
   000019               *                                                                *        |                                  
   000020               ******************************************************************        |                                  
   000021                IDENTIFICATION DIVISION.                                                 |                                  
   000022                PROGRAM-ID. HCV1BI01.                                                    |                                  
   000023                ENVIRONMENT DIVISION.                                                    |                                  
   000024                CONFIGURATION SECTION.                                                   |                                  
   000025               *                                                                         |                                  
   000026                DATA DIVISION.                                                           |                                  
   000027                                                                                         |                                  
   000028                WORKING-STORAGE SECTION.                                                 |                                  
   000029                                                                                         |                                  
   000030               *----------------------------------------------------------------*        |                                  
   000031               * Common defintions                                              *        |                                  
   000032               *----------------------------------------------------------------*        |                                  
   000033               * Run time (debug) infomation for this invocation                         |                                  
   000034                 01  WS-HEADER.                                                          |                                  
   000035                    03 WS-EYECATCHER            PIC X(16)                                |                                  
   000036                                                 VALUE 'HCV1BI01------WS'.               |                                  
   000037                    03 WS-TRANSID               PIC X(4).                                |                                  
   000038                    03 WS-TERMID                PIC X(4).                                |                                  
   000039                    03 WS-TASKNUM               PIC 9(7).                                |                                  
   000040                    03 WS-FILLER                PIC X.                                   |                                  
   000041                    03 WS-ADDR-DFHCOMMAREA      USAGE is POINTER.                        |                                  
   000042                    03 WS-CALEN                 PIC S9(4) COMP.                          |                                  
   000043                                                                                         |                                  
   000044                77 HCIVDB01                  PIC x(8) Value 'HCIVDB01'.                  |                                  
   000045                                                                                         |                                  
   000046               *----------------------------------------------------------------*        |                                  
   000047               * Fields to be used to calculate if commarea is large enough              |                                  
   000048                01  WS-COMMAREA-LENGTHS.                                                 |                                  
   000049                    03 WS-CA-HEADERTRAILER-LEN  PIC S9(4) COMP VALUE +18.                |                                  
   000050                    03 WS-REQUIRED-CA-LEN       PIC S9(4)      VALUE +0.                 |                                  
   000051                                                                                         |                                  
   000052                01  WS-Resp                     PIC S9(8) Comp.                          |                                  
   000053                                                                                         |                                  
   000054                COPY HCERRSWS.                                                           |                                  
   000055               *                                                                         |                                  
   000056               ******************************************************************        |                                  
   000057               *    L I N K A G E     S E C T I O N                                      |                                  
1PP 5724-L44 IBM COBOL for Windows                   8.0.0 S1612HCV1BI01  Date 01/23/2020  Time 04:55:36   Page     4             
   LineID  PL SL  ----+-*A-1-B--+----2----+----3----+----4----+----5----+----6----+----7-|--+----8 Map and Cross Reference           
0  000058               ******************************************************************        |                                  
   000059                LINKAGE SECTION.                                                         |                                  
   000060                                                                                         |                                  
   000061                01  DFHCOMMAREA.                                                         |                                  
                                                                                                  |                                  
 ==000061==> IGYDS1159-E A "PICTURE" clause was not found for elementary item "DFHCOMMAREA".      |                                  
                         "PICTURE X(1)" was assumed.                                              |                                  
                                                                                                  |                                  
 ==000061==> IGYSC2025-W "DFHCOMMAREA" or one of its subordinates was referenced, but             |                                  
                         "DFHCOMMAREA" was a "LINKAGE SECTION" item that did not have             |                                  
                         addressability.  This reference will not be resolved successfully at     |                                  
                         execution.                                                               |                                  
                                                                                                  |                                  
   000062                      COPY HCCMAREA.                                                     |                                  
   000063                                                                                         |                                  
   000064               ******************************************************************        |                                  
   000065               *    P R O C E D U R E S                                                  |                                  
   000066               ******************************************************************        |                                  
   000067                PROCEDURE DIVISION.                                                      |                                  
   000068                                                                                         |                                  
   000069               *----------------------------------------------------------------*        |                                  
   000070                MAINLINE SECTION.                                                        |                                  
   000071               *                                                                         |                                  
   000072                    INITIALIZE WS-HEADER.                                                |34                                
   000073               *                                                                         |                                  
   000074                    MOVE EIBTRNID TO WS-TRANSID.                                         |UND 37                            
                                                                                                  |                                  
 ==000074==> IGYPS2121-S "EIBTRNID" was not defined as a data-name.  The statement was discarded. |                                  
                                                                                                  |                                  
   000075                    MOVE EIBTRMID TO WS-TERMID.                                          |UND 38                            
                                                                                                  |                                  
 ==000075==> IGYPS2121-S "EIBTRMID" was not defined as a data-name.  The statement was discarded. |                                  
                                                                                                  |                                  
   000076                    MOVE EIBTASKN TO WS-TASKNUM.                                         |UND 39                            
                                                                                                  |                                  
 ==000076==> IGYPS2121-S "EIBTASKN" was not defined as a data-name.  The statement was discarded. |                                  
                                                                                                  |                                  
   000077               *----------------------------------------------------------------*        |                                  
   000078               * Check commarea and obtain required details                     *        |                                  
   000079               *----------------------------------------------------------------*        |                                  
   000080                    IF EIBCALEN IS EQUAL TO ZERO                                         |UND IMP                           
                                                                                                  |                                  
 ==000080==> IGYPS2121-S "EIBCALEN" was not defined as a data-name.  The statement was discarded. |                                  
                                                                                                  |                                  
   000081      1                 MOVE ' NO COMMAREA RECEIVED' TO EM-VARIABLE                      |UND                               
                                                                                                  |                                  
 ==000081==> IGYPS2121-S "EM-VARIABLE" was not defined as a data-name.  The statement was         |                                  
                         discarded.                                                               |                                  
                                                                                                  |                                  
   000082      1                 PERFORM WRITE-ERROR-MESSAGE                                      |UND                               
                                                                                                  |                                  
 ==000082==> IGYPA3007-S "WRITE-ERROR-MESSAGE" was not defined as a procedure-name.  The statement|                                  
                         was discarded.                                                           |                                  
                                                                                                  |                                  
   000083      1                 EXEC CICS ABEND ABCODE('HCCA') NODUMP END-EXEC                   |                                  
                                                                                                  |                                  
 ==000083==> IGYPS0228-S An "EXEC CICS" statement was found, but the "CICS" compiler option was   |                                  
1PP 5724-L44 IBM COBOL for Windows                   8.0.0 S1612HCV1BI01  Date 01/23/2020  Time 04:55:36   Page     5             
   LineID  PL SL  ----+-*A-1-B--+----2----+----3----+----4----+----5----+----6----+----7-|--+----8 Map and Cross Reference           
0                        not in effect.  The statement was discarded.                             |                                  
                                                                                                  |                                  
   000084                    END-IF                                                               |                                  
   000085                                                                                         |                                  
   000086                    MOVE '00' TO CA-RETURN-CODE                                          |UND                               
                                                                                                  |                                  
 ==000086==> IGYPS2121-S "CA-RETURN-CODE" was not defined as a data-name.  The statement was      |                                  
                         discarded.                                                               |                                  
                                                                                                  |                                  
   000087                    MOVE EIBCALEN TO WS-CALEN.                                           |UND 42                            
                                                                                                  |                                  
 ==000087==> IGYPS2121-S "EIBCALEN" was not defined as a data-name.  The statement was discarded. |                                  
                                                                                                  |                                  
   000088                    SET WS-ADDR-DFHCOMMAREA TO ADDRESS OF DFHCOMMAREA.                   |41 IMP 61                         
   000089                                                                                         |                                  
   000090               *----------------------------------------------------------------*        |                                  
   000091               * Process incoming commarea                                      *        |                                  
   000092               *----------------------------------------------------------------*        |                                  
   000093               * check commarea length                                                   |                                  
   000094               *    MOVE WS-CUSTOMER-LEN        TO WS-REQUIRED-CA-LEN                    |                                  
   000095                    ADD WS-CA-HEADERTRAILER-LEN TO WS-REQUIRED-CA-LEN                    |49 50                             
   000096                    IF EIBCALEN IS LESS THAN WS-REQUIRED-CA-LEN                          |UND 50                            
                                                                                                  |                                  
 ==000096==> IGYPS2121-S "EIBCALEN" was not defined as a data-name.  The statement was discarded. |                                  
                                                                                                  |                                  
   000097      1               MOVE '98' TO CA-RETURN-CODE                                        |UND                               
                                                                                                  |                                  
 ==000097==> IGYPS2121-S "CA-RETURN-CODE" was not defined as a data-name.  The statement was      |                                  
                         discarded.                                                               |                                  
                                                                                                  |                                  
   000098      1               EXEC CICS RETURN END-EXEC                                          |                                  
                                                                                                  |                                  
 ==000098==> IGYPS0228-S An "EXEC CICS" statement was found, but the "CICS" compiler option was   |                                  
                         not in effect.  The statement was discarded.                             |                                  
                                                                                                  |                                  
   000099                    END-IF                                                               |                                  
   000100                                                                                         |                                  
   000101                    MOVE CA-PATIENT-ID TO EM-PATNUM                                      |UND UND                           
                                                                                                  |                                  
 ==000101==> IGYPS2121-S "CA-PATIENT-ID" was not defined as a data-name.  The statement was       |                                  
                         discarded.                                                               |                                  
                                                                                                  |                                  
 ==000101==> IGYPS2121-S "EM-PATNUM" was not defined as a data-name.  The statement was discarded.|                                  
                                                                                                  |                                  
   000102                                                                                         |                                  
   000103                    PERFORM GET-VISIT.                                                   |114                               
   000104                                                                                         |                                  
   000105               *----------------------------------------------------------------*        |                                  
   000106               * END PROGRAM and return to caller                               *        |                                  
   000107               *----------------------------------------------------------------*        |                                  
   000108                MAINLINE-END.                                                            |                                  
   000109                    EXEC CICS RETURN END-EXEC.                                           |                                  
                                                                                                  |                                  
 ==000109==> IGYPS0228-S An "EXEC CICS" statement was found, but the "CICS" compiler option was   |                                  
                         not in effect.  The statement was discarded.                             |                                  
                                                                                                  |                                  
   000110                                                                                         |                                  
1PP 5724-L44 IBM COBOL for Windows                   8.0.0 S1612HCV1BI01  Date 01/23/2020  Time 04:55:36   Page     6             
   LineID  PL SL  ----+-*A-1-B--+----2----+----3----+----4----+----5----+----6----+----7-|--+----8 Map and Cross Reference           
0  000111                MAINLINE-EXIT.                                                           |                                  
   000112                    EXIT.                                                                |                                  
   000113               *----------------------------------------------------------------*        |                                  
   000114                GET-VISIT.                                                               |                                  
   000115               *----------------------------------------------------------------*        |                                  
   000116                                                                                         |                                  
   000117                      EXEC CICS LINK Program(HCIVDB01)                                   |                                  
                                                                                                  |                                  
 ==000117==> IGYPS0228-S An "EXEC CICS" statement was found, but the "CICS" compiler option was   |                                  
                         not in effect.  The statement was discarded.                             |                                  
                                                                                                  |                                  
   000118                          Commarea(DFHCOMMAREA)                                          |                                  
   000119                          LENGTH(32500)                                                  |                                  
   000120                      END-EXEC.                                                          |                                  
   000121                                                                                         |                                  
   000122                    EXIT.                                                                |                                  
   000123                                                                                         |                                  
   000124               *----------------------------------------------------------------*        |                                  
   000125                COPY HCERRSPD.                                                           |                                  
1PP 5724-L44 IBM COBOL for Windows                   8.0.0 S1612HCV1BI01  Date 01/23/2020  Time 04:55:36   Page     7             
0An "M" preceding a data-name reference indicates that the data-name is modified by this reference.
  
  Defined   Cross-reference of data names   References                                                                               
  
       61   DFHCOMMAREA. . . . . . . . . .  88                                                                                                                                                   
       44   HCIVDB01                                                                                                                                                                             
       41   WS-ADDR-DFHCOMMAREA. . . . . .  M88                                                                                                                                                  
       49   WS-CA-HEADERTRAILER-LEN. . . .  95                                                                                                                                                   
       42   WS-CALEN . . . . . . . . . . .  M87                                                                                                                                                  
       48   WS-COMMAREA-LENGTHS                                                                                                                                                                  
       35   WS-EYECATCHER                                                                                                                                                                        
       40   WS-FILLER                                                                                                                                                                            
       34   WS-HEADER. . . . . . . . . . .  M72                                                                                                                                                  
       50   WS-REQUIRED-CA-LEN . . . . . .  M95 96                                                                                                                                               
       52   WS-RESP                                                                                                                                                                              
       39   WS-TASKNUM . . . . . . . . . .  M76                                                                                                                                                  
       38   WS-TERMID. . . . . . . . . . .  M75                                                                                                                                                  
       37   WS-TRANSID . . . . . . . . . .  M74                                                                                                                                                  
1PP 5724-L44 IBM COBOL for Windows                   8.0.0 S1612HCV1BI01  Date 01/23/2020  Time 04:55:36   Page     8             
0Context usage is indicated by the letter preceding a procedure-name reference.
 These letters and their meanings are:
     A = ALTER (procedure-name)
     D = GO TO (procedure-name) DEPENDING ON
     E = End of range of (PERFORM) through (procedure-name)
     G = GO TO (procedure-name)
     P = PERFORM (procedure-name)
     T = (ALTER) TO PROCEED TO (procedure-name)
     U = USE FOR DEBUGGING (procedure-name)
  
  Defined   Cross-reference of procedures   References                                                                               
  
      114   GET-VISIT. . . . . . . . . . .  P103                                                                                                                                                 
       70   MAINLINE                                                                                                                                                                             
      108   MAINLINE-END                                                                                                                                                                         
      111   MAINLINE-EXIT                                                                                                                                                                        
1PP 5724-L44 IBM COBOL for Windows                   8.0.0 S1612HCV1BI01  Date 01/23/2020  Time 04:55:36   Page     9             
0 Defined   Cross-reference of programs     References                                                                               
  
       22   HCV1BI01                                                                                                                                                                             
1PP 5724-L44 IBM COBOL for Windows                   8.0.0 S1612HCV1BI01  Date 01/23/2020  Time 04:55:36   Page    10             
0LineID  Message code  Message text
                                                                                                                                     
         IGYSC0207-S   Severe message(s) were issued during library phase processing.  Refer to the beginning of the listing.        
                                                                                                                                     
     61  IGYDS1159-E   A "PICTURE" clause was not found for elementary item "DFHCOMMAREA".  "PICTURE X(1)" was assumed.              
                                                                                                                                     
     61  IGYSC2025-W   "DFHCOMMAREA" or one of its subordinates was referenced, but "DFHCOMMAREA" was a "LINKAGE SECTION" item that  
                       did not have addressability.  This reference will not be resolved successfully at execution.                  
                                                                                                                                     
     74  IGYPS2121-S   "EIBTRNID" was not defined as a data-name.  The statement was discarded.                                      
                                                                                                                                     
     75  IGYPS2121-S   "EIBTRMID" was not defined as a data-name.  The statement was discarded.                                      
                                                                                                                                     
     76  IGYPS2121-S   "EIBTASKN" was not defined as a data-name.  The statement was discarded.                                      
                                                                                                                                     
     80  IGYPS2121-S   "EIBCALEN" was not defined as a data-name.  The statement was discarded.                                      
                                                                                                                                     
                       Same message on line:     87     96                                                                           
                                                                                                                                     
     81  IGYPS2121-S   "EM-VARIABLE" was not defined as a data-name.  The statement was discarded.                                   
                                                                                                                                     
     82  IGYPA3007-S   "WRITE-ERROR-MESSAGE" was not defined as a procedure-name.  The statement was discarded.                      
                                                                                                                                     
     83  IGYPS0228-S   An "EXEC CICS" statement was found, but the "CICS" compiler option was not in effect.  The statement was      
                       discarded.                                                                                                    
                                                                                                                                     
                       Same message on line:     98    109    117                                                                    
                                                                                                                                     
     86  IGYPS2121-S   "CA-RETURN-CODE" was not defined as a data-name.  The statement was discarded.                                
                                                                                                                                     
                       Same message on line:     97                                                                                  
                                                                                                                                     
    101  IGYPS2121-S   "CA-PATIENT-ID" was not defined as a data-name.  The statement was discarded.                                 
                                                                                                                                     
    101  IGYPS2121-S   "EM-PATNUM" was not defined as a data-name.  The statement was discarded.                                     
-Messages    Total    Informational    Warning    Error    Severe    Terminating
0Printed:      19                          1         1        17            
-* Statistics for COBOL program HCV1BI01:
 *    Source records = 125
 *    Data Division statements = 14
 *    Procedure Division statements = 21
0Locale = en_US.IBM-437
0End of compilation 1,  program HCV1BI01,  highest severity: Severe.
0Return code 12
